Using pre-set license
Built from '2020.3/release' branch; Version is '2020.3.7f1 (dd97f2c94397) revision 14522354'; Using compiler version '192528614'; Build Type 'Release'
OS: 'Windows 10 Pro; OS build 19043.1165; Version 2009; 64bit' Language: 'en' Physical Memory: 32682 MB
BatchMode: 1, IsHumanControllingUs: 0, StartBugReporterOnCrash: 0, Is64bit: 1, IsPro: 0

 COMMAND LINE ARGUMENTS:
C:\Program Files\Unity\Hub\Editor\2020.3.7f1\Editor\Unity.exe
-adb2
-batchMode
-noUpm
-name
AssetImportWorker0
-projectPath
C:/Users/czhhz/Documents/source/repos/VFX-demos
-logFile
Logs/AssetImportWorker0.log
-srvPort
55326
Successfully changed project path to: C:/Users/czhhz/Documents/source/repos/VFX-demos
C:/Users/czhhz/Documents/source/repos/VFX-demos
Using Asset Import Pipeline V2.
Refreshing native plugins compatible for Editor in 168.39 ms, found 0 plugins.
Preloading 0 native plugins for Editor in 0.00 ms.
Initialize engine version: 2020.3.7f1 (dd97f2c94397)
[Subsystems] Discovering subsystems at path C:/Program Files/Unity/Hub/Editor/2020.3.7f1/Editor/Data/Resources/UnitySubsystems
[Subsystems] Discovering subsystems at path C:/Users/czhhz/Documents/source/repos/VFX-demos/Assets
GfxDevice: creating device client; threaded=0
Direct3D:
    Version:  Direct3D 11.0 [level 11.1]
    Renderer: NVIDIA GeForce RTX 3090 (ID=0x2204)
    Vendor:   
    VRAM:     24348 MB
    Driver:   30.0.14.7168
Initialize mono
Mono path[0] = 'C:/Program Files/Unity/Hub/Editor/2020.3.7f1/Editor/Data/Managed'
Mono path[1] = 'C:/Program Files/Unity/Hub/Editor/2020.3.7f1/Editor/Data/MonoBleedingEdge/lib/mono/unityjit'
Mono config path = 'C:/Program Files/Unity/Hub/Editor/2020.3.7f1/Editor/Data/MonoBleedingEdge/etc'
Using monoOptions --debugger-agent=transport=dt_socket,embedding=1,server=y,suspend=n,address=127.0.0.1:56124
Begin MonoManager ReloadAssembly
Registering precompiled unity dll's ...
Register platform support module: C:/Program Files/Unity/Hub/Editor/2020.3.7f1/Editor/Data/PlaybackEngines/WindowsStandaloneSupport/UnityEditor.WindowsStandalone.Extensions.dll
Registered in 0.007067 seconds.
Native extension for WindowsStandalone target not found
Refreshing native plugins compatible for Editor in 196.63 ms, found 0 plugins.
Preloading 0 native plugins for Editor in 0.00 ms.
Mono: successfully reloaded assembly
- Completed reload, in  3.540 seconds
Platform modules already initialized, skipping
Registering precompiled user dll's ...
Registered in 0.023847 seconds.
Begin MonoManager ReloadAssembly
Native extension for WindowsStandalone target not found
Refreshing native plugins compatible for Editor in 170.03 ms, found 0 plugins.
Preloading 0 native plugins for Editor in 0.00 ms.
Mono: successfully reloaded assembly
- Completed reload, in  3.082 seconds
Platform modules already initialized, skipping
========================================================================
Worker process is ready to serve import requests
Launched and connected shader compiler UnityShaderCompiler.exe after 0.24 seconds
Refreshing native plugins compatible for Editor in 2.92 ms, found 0 plugins.
Preloading 0 native plugins for Editor in 0.00 ms.
Unloading 3499 Unused Serialized files (Serialized files now loaded: 0)
System memory in use before: 173.1 MB.
System memory in use after: 172.8 MB.

Unloading 28 unused Assets to reduce memory usage. Loaded Objects now: 3957.
Total: 19.076400 ms (FindLiveObjects: 2.257500 ms CreateObjectMapping: 0.818700 ms MarkObjects: 14.856500 ms  DeleteObjects: 1.093800 ms)

========================================================================
Received Import Request.
  path: Assets/VFX Demos/Fireworks.vfx
  artifactKey: Guid(96ca0b8a9c0f5c948b096dabf520dec3) Importer(815301076,1909f56bfc062723c751e8b465ee728b)
Start importing Assets/VFX Demos/Fireworks.vfx using Guid(96ca0b8a9c0f5c948b096dabf520dec3) Importer(815301076,1909f56bfc062723c751e8b465ee728b)  -> (artifact id: 'b1c37bd70a1b5c201d374d7c4f3562f9') in 0.176216 seconds
  Import took 0.205746 seconds .

========================================================================
Received Import Request.
  Time since last request: 0.001338 seconds.
  path: Assets/VFX Demos/Strip.vfx
  artifactKey: Guid(8face59603f62c64788e1686f2780668) Importer(815301076,1909f56bfc062723c751e8b465ee728b)
Start importing Assets/VFX Demos/Strip.vfx using Guid(8face59603f62c64788e1686f2780668) Importer(815301076,1909f56bfc062723c751e8b465ee728b)  -> (artifact id: '4546727ee7bfcd2aa2f33f77e882e484') in 0.037101 seconds
  Import took 0.078157 seconds .

========================================================================
Received Import Request.
  Time since last request: 0.000882 seconds.
  path: Assets/VFX Demos/Fireworks.vfx
  artifactKey: Guid(96ca0b8a9c0f5c948b096dabf520dec3) Importer(815301076,1909f56bfc062723c751e8b465ee728b)
Start importing Assets/VFX Demos/Fireworks.vfx using Guid(96ca0b8a9c0f5c948b096dabf520dec3) Importer(815301076,1909f56bfc062723c751e8b465ee728b)  -> (artifact id: 'b1c37bd70a1b5c201d374d7c4f3562f9') in 0.017626 seconds
  Import took 0.037159 seconds .

========================================================================
Received Import Request.
  Time since last request: 0.000963 seconds.
  path: Assets/VFX Demos/GlowingSmoke.vfx
  artifactKey: Guid(d98d045cd951d4343adb42f8d86be399) Importer(815301076,1909f56bfc062723c751e8b465ee728b)
Start importing Assets/VFX Demos/GlowingSmoke.vfx using Guid(d98d045cd951d4343adb42f8d86be399) Importer(815301076,1909f56bfc062723c751e8b465ee728b)  -> (artifact id: 'a86184ef4f87cc1748329a3e6b1420f2') in 0.024669 seconds
  Import took 0.044009 seconds .

========================================================================
Received Import Request.
  Time since last request: 3.898990 seconds.
  path: Assets/VFX Demos/Fireworks.vfx
  artifactKey: Guid(96ca0b8a9c0f5c948b096dabf520dec3) Importer(815301076,1909f56bfc062723c751e8b465ee728b)
Start importing Assets/VFX Demos/Fireworks.vfx using Guid(96ca0b8a9c0f5c948b096dabf520dec3) Importer(815301076,1909f56bfc062723c751e8b465ee728b)  -> (artifact id: 'd9d177d08f473d74532ab479a378ce26') in 0.033278 seconds
  Import took 0.059070 seconds .

========================================================================
Received Import Request.
  Time since last request: 0.002485 seconds.
  path: Assets/VFX Demos/Strip.vfx
  artifactKey: Guid(8face59603f62c64788e1686f2780668) Importer(815301076,1909f56bfc062723c751e8b465ee728b)
Start importing Assets/VFX Demos/Strip.vfx using Guid(8face59603f62c64788e1686f2780668) Importer(815301076,1909f56bfc062723c751e8b465ee728b)  -> (artifact id: '7ad0702875bbedf4f667be8a88dac168') in 0.037648 seconds
  Import took 0.083273 seconds .

AssetImportWorkerClient::OnTransportError - code=2 error=End of file
